<?xml version="1.0" encoding="UTF-8"?>
<testng-results ignored="0" total="1" passed="1" failed="0" skipped="0">
  <reporter-output>
  </reporter-output>
  <suite started-at="2024-01-18T14:08:12 IST" name="Suite" finished-at="2024-01-18T14:08:12 IST" duration-ms="55">
    <groups>
    </groups>
    <test started-at="2024-01-18T14:08:12 IST" name="Test" finished-at="2024-01-18T14:08:12 IST" duration-ms="55">
      <class name="com.demo.one">
        <test-method signature="first()[pri:0, instance:com.demo.one@68999068]" started-at="2024-01-18T14:08:12 IST" name="first" finished-at="2024-01-18T14:08:12 IST" duration-ms="10" status="PASS">
          <reporter-output>
          </reporter-output>
        </test-method> <!-- first -->
      </class> <!-- com.demo.one -->
    </test> <!-- Test -->
  </suite> <!-- Suite -->
</testng-results>
